<html>
<body>
<pre>
<h1>Vision Build Log</h1>
<h2>Project:</h2>
F:\BaiduYunDownload\单片机通信技术\STC15X\dev_times_task\hard_dev_app\dev_times_task\TimerTask-PenXiangJi\timer.uvproj
Project File Date:  09/22/2018

<h2>Output:</h2>
compiling main.c...
MAIN.C(203): warning C206: 'MotoStart': missing function-prototype
MAIN.C(257): error C141: syntax error near 'u8'
MAIN.C(257): error C202: 'i': undefined identifier
MAIN.C(257): error C202: 'i': undefined identifier
MAIN.C(257): error C202: 'i': undefined identifier
MAIN.C(257): error C141: syntax error near ')'
MAIN.C(262): error C141: syntax error near '}'
MAIN.C(271): error C231: 'MotoStart': redefinition
MAIN.C(274): error C231: 'MotoStart': redefinition
MAIN.C(420): error C204: 'ioInKeyForRun': undefined member
MAIN.C(435): error C204: 'ioInKeyForMoto': undefined member
main.c - 10 Error(s), 1 Warning(s).
compiling main.c...
MAIN.C(203): warning C206: 'MotoStart': missing function-prototype
MAIN.C(257): error C141: syntax error near 'u8'
MAIN.C(257): error C202: 'i': undefined identifier
MAIN.C(257): error C202: 'i': undefined identifier
MAIN.C(257): error C202: 'i': undefined identifier
MAIN.C(257): error C141: syntax error near ')'
MAIN.C(262): error C141: syntax error near '}'
MAIN.C(271): error C231: 'MotoStart': redefinition
MAIN.C(274): error C231: 'MotoStart': redefinition
MAIN.C(420): error C204: 'ioInKeyForRun': undefined member
MAIN.C(435): error C204: 'ioInKeyForMoto': undefined member
main.c - 10 Error(s), 1 Warning(s).
compiling main.c...
MAIN.C(255): error C141: syntax error near 'u8'
MAIN.C(255): error C202: 'i': undefined identifier
MAIN.C(255): error C202: 'i': undefined identifier
MAIN.C(255): error C202: 'i': undefined identifier
MAIN.C(255): error C141: syntax error near ')'
MAIN.C(260): error C141: syntax error near '}'
MAIN.C(418): error C204: 'ioInKeyForRun': undefined member
MAIN.C(433): error C204: 'ioInKeyForMoto': undefined member
main.c - 8 Error(s), 0 Warning(s).
compiling main.c...
MAIN.C(255): error C141: syntax error near 'u8'
MAIN.C(255): error C202: 'i': undefined identifier
MAIN.C(255): error C202: 'i': undefined identifier
MAIN.C(255): error C202: 'i': undefined identifier
MAIN.C(255): error C141: syntax error near ')'
MAIN.C(260): error C141: syntax error near '}'
MAIN.C(418): error C204: 'ioInKeyForRun': undefined member
MAIN.C(433): error C204: 'ioInKeyForMoto': undefined member
main.c - 8 Error(s), 0 Warning(s).
Build target 'Target 1'
compiling GPIO.c...
compiling main.c...
MAIN.C(255): error C141: syntax error near 'int'
MAIN.C(255): error C202: 'i': undefined identifier
MAIN.C(255): error C202: 'i': undefined identifier
MAIN.C(255): error C202: 'i': undefined identifier
MAIN.C(255): error C141: syntax error near ')'
MAIN.C(260): error C141: syntax error near '}'
MAIN.C(418): error C204: 'ioInKeyForRun': undefined member
MAIN.C(433): error C204: 'ioInKeyForMoto': undefined member
compiling timer.c...
compiling Soft_UART.c...
compiling delay.c...
compiling Exti.c...
Target not created
compiling main.c...
MAIN.C(255): error C141: syntax error near 'int'
MAIN.C(255): error C202: 'i': undefined identifier
MAIN.C(255): error C202: 'i': undefined identifier
MAIN.C(255): error C202: 'i': undefined identifier
MAIN.C(255): error C141: syntax error near ')'
MAIN.C(260): error C141: syntax error near '}'
MAIN.C(418): error C204: 'ioInKeyForRun': undefined member
MAIN.C(433): error C204: 'ioInKeyForMoto': undefined member
main.c - 8 Error(s), 0 Warning(s).
compiling main.c...
MAIN.C(255): error C141: syntax error near 'int'
MAIN.C(255): error C202: 'i': undefined identifier
MAIN.C(255): error C202: 'i': undefined identifier
MAIN.C(255): error C202: 'i': undefined identifier
MAIN.C(255): error C141: syntax error near ')'
MAIN.C(418): error C204: 'ioInKeyForRun': undefined member
MAIN.C(433): error C204: 'ioInKeyForMoto': undefined member
main.c - 7 Error(s), 0 Warning(s).
compiling main.c...
MAIN.C(255): error C141: syntax error near 'int'
MAIN.C(255): error C202: 'i': undefined identifier
MAIN.C(255): error C202: 'i': undefined identifier
MAIN.C(255): error C202: 'i': undefined identifier
MAIN.C(255): error C141: syntax error near ')'
MAIN.C(418): error C204: 'ioInKeyForRun': undefined member
MAIN.C(433): error C204: 'ioInKeyForMoto': undefined member
main.c - 7 Error(s), 0 Warning(s).
Build target 'Target 1'
compiling main.c...
MAIN.C(255): error C141: syntax error near 'int'
MAIN.C(255): error C202: 'i': undefined identifier
MAIN.C(255): error C202: 'i': undefined identifier
MAIN.C(255): error C202: 'i': undefined identifier
MAIN.C(255): error C141: syntax error near ')'
MAIN.C(418): error C204: 'ioInKeyForRun': undefined member
MAIN.C(433): error C204: 'ioInKeyForMoto': undefined member
Target not created
compiling main.c...
MAIN.C(255): error C141: syntax error near 'int'
MAIN.C(255): error C202: 'i': undefined identifier
MAIN.C(255): error C202: 'i': undefined identifier
MAIN.C(255): error C202: 'i': undefined identifier
MAIN.C(255): error C141: syntax error near ')'
MAIN.C(418): error C204: 'ioInKeyForRun': undefined member
MAIN.C(433): error C204: 'ioInKeyForMoto': undefined member
main.c - 7 Error(s), 0 Warning(s).
compiling main.c...
MAIN.C(252): error C141: syntax error near 'int'
MAIN.C(252): error C202: 'i': undefined identifier
MAIN.C(252): error C202: 'i': undefined identifier
MAIN.C(252): error C202: 'i': undefined identifier
MAIN.C(252): error C141: syntax error near ')'
MAIN.C(415): error C204: 'ioInKeyForRun': undefined member
MAIN.C(430): error C204: 'ioInKeyForMoto': undefined member
main.c - 7 Error(s), 0 Warning(s).
compiling main.c...
MAIN.C(252): error C141: syntax error near 'int'
MAIN.C(252): error C202: 'i': undefined identifier
MAIN.C(252): error C202: 'i': undefined identifier
MAIN.C(252): error C202: 'i': undefined identifier
MAIN.C(252): error C141: syntax error near ')'
MAIN.C(415): error C204: 'ioInKeyForRun': undefined member
MAIN.C(430): error C204: 'ioInKeyForMoto': undefined member
main.c - 7 Error(s), 0 Warning(s).
Clean started: Project: 'timer'
   deleting intermediate output files for target 'Target 1'
compiling main.c...
MAIN.C(252): error C141: syntax error near 'int'
MAIN.C(252): error C202: 'i': undefined identifier
MAIN.C(252): error C202: 'i': undefined identifier
MAIN.C(252): error C202: 'i': undefined identifier
MAIN.C(252): error C141: syntax error near ')'
MAIN.C(415): error C204: 'ioInKeyForRun': undefined member
MAIN.C(430): error C204: 'ioInKeyForMoto': undefined member
main.c - 7 Error(s), 0 Warning(s).
compiling main.c...
MAIN.C(250): warning C280: 'num': unreferenced local variable
MAIN.C(415): error C204: 'ioInKeyForRun': undefined member
MAIN.C(430): error C204: 'ioInKeyForMoto': undefined member
main.c - 2 Error(s), 1 Warning(s).
compiling main.c...
MAIN.C(250): warning C280: 'num': unreferenced local variable
MAIN.C(415): error C204: 'ioInKeyForRun': undefined member
MAIN.C(430): error C204: 'ioInKeyForMoto': undefined member
main.c - 2 Error(s), 1 Warning(s).
compiling main.c...
MAIN.C(247): warning C280: 'num': unreferenced local variable
MAIN.C(412): error C204: 'ioInKeyForRun': undefined member
MAIN.C(427): error C204: 'ioInKeyForMoto': undefined member
main.c - 2 Error(s), 1 Warning(s).
compiling main.c...
MAIN.C(250): warning C280: 'num': unreferenced local variable
MAIN.C(415): error C204: 'ioInKeyForRun': undefined member
MAIN.C(430): error C204: 'ioInKeyForMoto': undefined member
main.c - 2 Error(s), 1 Warning(s).
compiling main.c...
MAIN.C(415): error C204: 'ioInKeyForRun': undefined member
MAIN.C(430): error C204: 'ioInKeyForMoto': undefined member
main.c - 2 Error(s), 0 Warning(s).
compiling main.c...
main.c - 0 Error(s), 0 Warning(s).
Build target 'Target 1'
compiling GPIO.c...
compiling timer.c...
compiling Soft_UART.c...
compiling delay.c...
compiling Exti.c...
linking...
*** WARNING L16: UNCALLED SEGMENT, IGNORED FOR OVERLAY PROCESS
    SEGMENT: ?PR?MOTOSTART?MAIN
Program Size: data=44.0 xdata=0 code=2293
creating hex file from "timer"...
"timer" - 0 Error(s), 1 Warning(s).
compiling main.c...
MAIN.C(252): error C141: syntax error near 'int'
MAIN.C(252): error C202: 'i': undefined identifier
MAIN.C(252): error C202: 'i': undefined identifier
MAIN.C(252): error C202: 'i': undefined identifier
MAIN.C(252): error C141: syntax error near ')'
main.c - 5 Error(s), 0 Warning(s).
compiling main.c...
MAIN.C(253): error C141: syntax error near 'int'
MAIN.C(253): error C202: 'i': undefined identifier
MAIN.C(253): error C202: 'i': undefined identifier
MAIN.C(253): error C202: 'i': undefined identifier
MAIN.C(253): error C141: syntax error near ')'
main.c - 5 Error(s), 0 Warning(s).
compiling main.c...
MAIN.C(250): warning C280: 'num': unreferenced local variable
main.c - 0 Error(s), 1 Warning(s).
compiling main.c...
main.c - 0 Error(s), 0 Warning(s).
Build target 'Target 1'
compiling main.c...
linking...
*** WARNING L16: UNCALLED SEGMENT, IGNORED FOR OVERLAY PROCESS
    SEGMENT: ?PR?_L2SHOWWITHNUM?MAIN
*** WARNING L16: UNCALLED SEGMENT, IGNORED FOR OVERLAY PROCESS
    SEGMENT: ?PR?MOTOSTART?MAIN
Program Size: data=47.0 xdata=0 code=2339
creating hex file from "timer"...
"timer" - 0 Error(s), 2 Warning(s).
